{"C:\\Users\\shiba\\Documents\\kohanajs\\modules\\mod-cms\\classes\\helper\\PageText.js": {"path":"C:\\Users\\shiba\\Documents\\kohanajs\\modules\\mod-cms\\classes\\helper\\PageText.js","statementMap":{"0":{"start":{"line":3,"column":19},"end":{"line":3,"column":66}},"1":{"start":{"line":4,"column":4},"end":{"line":4,"column":69}},"2":{"start":{"line":6,"column":24},"end":{"line":6,"column":95}},"3":{"start":{"line":7,"column":4},"end":{"line":11,"column":7}},"4":{"start":{"line":8,"column":27},"end":{"line":8,"column":56}},"5":{"start":{"line":9,"column":27},"end":{"line":9,"column":56}},"6":{"start":{"line":10,"column":6},"end":{"line":10,"column":66}},"7":{"start":{"line":13,"column":20},"end":{"line":13,"column":89}},"8":{"start":{"line":14,"column":4},"end":{"line":31,"column":7}},"9":{"start":{"line":15,"column":26},"end":{"line":15,"column":54}},"10":{"start":{"line":16,"column":26},"end":{"line":16,"column":54}},"11":{"start":{"line":17,"column":6},"end":{"line":17,"column":34}},"12":{"start":{"line":19,"column":21},"end":{"line":19,"column":69}},"13":{"start":{"line":20,"column":6},"end":{"line":30,"column":7}},"14":{"start":{"line":20,"column":17},"end":{"line":20,"column":18}},"15":{"start":{"line":21,"column":8},"end":{"line":21,"column":63}},"16":{"start":{"line":22,"column":27},"end":{"line":22,"column":52}},"17":{"start":{"line":23,"column":8},"end":{"line":23,"column":95}},"18":{"start":{"line":24,"column":32},"end":{"line":24,"column":133}},"19":{"start":{"line":25,"column":8},"end":{"line":29,"column":11}},"20":{"start":{"line":26,"column":31},"end":{"line":26,"column":69}},"21":{"start":{"line":27,"column":31},"end":{"line":27,"column":69}},"22":{"start":{"line":28,"column":10},"end":{"line":28,"column":74}},"23":{"start":{"line":33,"column":4},"end":{"line":33,"column":57}},"24":{"start":{"line":35,"column":4},"end":{"line":35,"column":18}},"25":{"start":{"line":39,"column":19},"end":{"line":39,"column":21}},"26":{"start":{"line":40,"column":4},"end":{"line":40,"column":49}},"27":{"start":{"line":40,"column":31},"end":{"line":40,"column":46}},"28":{"start":{"line":41,"column":4},"end":{"line":41,"column":18}},"29":{"start":{"line":45,"column":21},"end":{"line":45,"column":61}},"30":{"start":{"line":46,"column":4},"end":{"line":46,"column":42}},"31":{"start":{"line":48,"column":22},"end":{"line":48,"column":42}},"32":{"start":{"line":49,"column":4},"end":{"line":49,"column":34}},"33":{"start":{"line":49,"column":18},"end":{"line":49,"column":34}},"34":{"start":{"line":51,"column":23},"end":{"line":51,"column":124}},"35":{"start":{"line":51,"column":46},"end":{"line":51,"column":68}},"36":{"start":{"line":51,"column":83},"end":{"line":51,"column":96}},"37":{"start":{"line":51,"column":108},"end":{"line":51,"column":123}},"38":{"start":{"line":52,"column":23},"end":{"line":52,"column":100}},"39":{"start":{"line":52,"column":46},"end":{"line":52,"column":68}},"40":{"start":{"line":52,"column":83},"end":{"line":52,"column":99}},"41":{"start":{"line":53,"column":23},"end":{"line":53,"column":69}},"42":{"start":{"line":53,"column":46},"end":{"line":53,"column":68}},"43":{"start":{"line":55,"column":4},"end":{"line":55,"column":83}},"44":{"start":{"line":56,"column":4},"end":{"line":56,"column":71}},"45":{"start":{"line":58,"column":4},"end":{"line":67,"column":6}},"46":{"start":{"line":59,"column":18},"end":{"line":59,"column":38}},"47":{"start":{"line":60,"column":29},"end":{"line":60,"column":91}},"48":{"start":{"line":60,"column":50},"end":{"line":60,"column":63}},"49":{"start":{"line":60,"column":75},"end":{"line":60,"column":90}},"50":{"start":{"line":61,"column":29},"end":{"line":61,"column":69}},"51":{"start":{"line":61,"column":52},"end":{"line":61,"column":68}},"52":{"start":{"line":63,"column":26},"end":{"line":63,"column":68}},"53":{"start":{"line":64,"column":6},"end":{"line":64,"column":84}},"54":{"start":{"line":65,"column":6},"end":{"line":65,"column":80}},"55":{"start":{"line":66,"column":6},"end":{"line":66,"column":42}},"56":{"start":{"line":69,"column":4},"end":{"line":69,"column":20}},"57":{"start":{"line":73,"column":4},"end":{"line":85,"column":7}},"58":{"start":{"line":74,"column":6},"end":{"line":78,"column":7}},"59":{"start":{"line":75,"column":22},"end":{"line":75,"column":35}},"60":{"start":{"line":76,"column":8},"end":{"line":76,"column":52}},"61":{"start":{"line":76,"column":28},"end":{"line":76,"column":50}},"62":{"start":{"line":77,"column":8},"end":{"line":77,"column":15}},"63":{"start":{"line":80,"column":16},"end":{"line":80,"column":45}},"64":{"start":{"line":81,"column":6},"end":{"line":81,"column":19}},"65":{"start":{"line":81,"column":12},"end":{"line":81,"column":19}},"66":{"start":{"line":82,"column":6},"end":{"line":82,"column":26}},"67":{"start":{"line":83,"column":6},"end":{"line":83,"column":41}},"68":{"start":{"line":84,"column":6},"end":{"line":84,"column":27}},"69":{"start":{"line":89,"column":19},"end":{"line":89,"column":139}},"70":{"start":{"line":90,"column":4},"end":{"line":92,"column":7}},"71":{"start":{"line":91,"column":6},"end":{"line":91,"column":155}},"72":{"start":{"line":91,"column":50},"end":{"line":91,"column":154}},"73":{"start":{"line":94,"column":4},"end":{"line":94,"column":31}},"74":{"start":{"line":95,"column":4},"end":{"line":95,"column":18}},"75":{"start":{"line":100,"column":19},"end":{"line":103,"column":5}},"76":{"start":{"line":105,"column":4},"end":{"line":107,"column":7}},"77":{"start":{"line":105,"column":50},"end":{"line":107,"column":5}},"78":{"start":{"line":108,"column":4},"end":{"line":108,"column":18}},"79":{"start":{"line":112,"column":4},"end":{"line":112,"column":25}},"80":{"start":{"line":112,"column":13},"end":{"line":112,"column":25}},"81":{"start":{"line":113,"column":4},"end":{"line":113,"column":34}},"82":{"start":{"line":113,"column":22},"end":{"line":113,"column":34}},"83":{"start":{"line":116,"column":4},"end":{"line":121,"column":5}},"84":{"start":{"line":120,"column":6},"end":{"line":120,"column":18}},"85":{"start":{"line":123,"column":4},"end":{"line":123,"column":93}},"86":{"start":{"line":128,"column":12},"end":{"line":128,"column":34}},"87":{"start":{"line":129,"column":4},"end":{"line":132,"column":5}},"88":{"start":{"line":130,"column":6},"end":{"line":130,"column":40}},"89":{"start":{"line":131,"column":6},"end":{"line":131,"column":55}},"90":{"start":{"line":131,"column":22},"end":{"line":131,"column":55}},"91":{"start":{"line":135,"column":4},"end":{"line":135,"column":45}},"92":{"start":{"line":136,"column":4},"end":{"line":141,"column":5}},"93":{"start":{"line":137,"column":6},"end":{"line":137,"column":49}},"94":{"start":{"line":138,"column":6},"end":{"line":138,"column":58}},"95":{"start":{"line":140,"column":6},"end":{"line":140,"column":73}},"96":{"start":{"line":140,"column":22},"end":{"line":140,"column":73}},"97":{"start":{"line":144,"column":4},"end":{"line":144,"column":71}},"98":{"start":{"line":145,"column":4},"end":{"line":157,"column":5}},"99":{"start":{"line":146,"column":6},"end":{"line":146,"column":36}},"100":{"start":{"line":147,"column":6},"end":{"line":147,"column":77}},"101":{"start":{"line":148,"column":6},"end":{"line":151,"column":7}},"102":{"start":{"line":149,"column":8},"end":{"line":149,"column":76}},"103":{"start":{"line":150,"column":8},"end":{"line":150,"column":91}},"104":{"start":{"line":150,"column":24},"end":{"line":150,"column":91}},"105":{"start":{"line":152,"column":6},"end":{"line":156,"column":7}},"106":{"start":{"line":153,"column":8},"end":{"line":153,"column":83}},"107":{"start":{"line":154,"column":8},"end":{"line":154,"column":92}},"108":{"start":{"line":155,"column":8},"end":{"line":155,"column":106}},"109":{"start":{"line":155,"column":24},"end":{"line":155,"column":106}},"110":{"start":{"line":160,"column":4},"end":{"line":160,"column":51}},"111":{"start":{"line":161,"column":4},"end":{"line":165,"column":5}},"112":{"start":{"line":162,"column":6},"end":{"line":162,"column":81}},"113":{"start":{"line":163,"column":20},"end":{"line":163,"column":53}},"114":{"start":{"line":164,"column":6},"end":{"line":164,"column":48}},"115":{"start":{"line":167,"column":4},"end":{"line":167,"column":20}},"116":{"start":{"line":173,"column":0},"end":{"line":173,"column":32}}},"fnMap":{"0":{"name":"(anonymous_0)","decl":{"start":{"line":2,"column":2},"end":{"line":2,"column":3}},"loc":{"start":{"line":2,"column":40},"end":{"line":36,"column":3}},"line":2},"1":{"name":"(anonymous_1)","decl":{"start":{"line":7,"column":24},"end":{"line":7,"column":25}},"loc":{"start":{"line":7,"column":35},"end":{"line":11,"column":5}},"line":7},"2":{"name":"(anonymous_2)","decl":{"start":{"line":14,"column":21},"end":{"line":14,"column":22}},"loc":{"start":{"line":14,"column":33},"end":{"line":31,"column":5}},"line":14},"3":{"name":"(anonymous_3)","decl":{"start":{"line":25,"column":32},"end":{"line":25,"column":33}},"loc":{"start":{"line":25,"column":43},"end":{"line":29,"column":9}},"line":25},"4":{"name":"(anonymous_4)","decl":{"start":{"line":38,"column":2},"end":{"line":38,"column":3}},"loc":{"start":{"line":38,"column":43},"end":{"line":42,"column":3}},"line":38},"5":{"name":"(anonymous_5)","decl":{"start":{"line":40,"column":24},"end":{"line":40,"column":25}},"loc":{"start":{"line":40,"column":30},"end":{"line":40,"column":47}},"line":40},"6":{"name":"(anonymous_6)","decl":{"start":{"line":44,"column":2},"end":{"line":44,"column":3}},"loc":{"start":{"line":44,"column":65},"end":{"line":70,"column":3}},"line":44},"7":{"name":"(anonymous_7)","decl":{"start":{"line":51,"column":40},"end":{"line":51,"column":41}},"loc":{"start":{"line":51,"column":46},"end":{"line":51,"column":68}},"line":51},"8":{"name":"(anonymous_8)","decl":{"start":{"line":51,"column":77},"end":{"line":51,"column":78}},"loc":{"start":{"line":51,"column":83},"end":{"line":51,"column":96}},"line":51},"9":{"name":"(anonymous_9)","decl":{"start":{"line":51,"column":102},"end":{"line":51,"column":103}},"loc":{"start":{"line":51,"column":108},"end":{"line":51,"column":123}},"line":51},"10":{"name":"(anonymous_10)","decl":{"start":{"line":52,"column":40},"end":{"line":52,"column":41}},"loc":{"start":{"line":52,"column":46},"end":{"line":52,"column":68}},"line":52},"11":{"name":"(anonymous_11)","decl":{"start":{"line":52,"column":77},"end":{"line":52,"column":78}},"loc":{"start":{"line":52,"column":83},"end":{"line":52,"column":99}},"line":52},"12":{"name":"(anonymous_12)","decl":{"start":{"line":53,"column":40},"end":{"line":53,"column":41}},"loc":{"start":{"line":53,"column":46},"end":{"line":53,"column":68}},"line":53},"13":{"name":"(anonymous_13)","decl":{"start":{"line":58,"column":18},"end":{"line":58,"column":19}},"loc":{"start":{"line":58,"column":25},"end":{"line":67,"column":5}},"line":58},"14":{"name":"(anonymous_14)","decl":{"start":{"line":60,"column":46},"end":{"line":60,"column":47}},"loc":{"start":{"line":60,"column":50},"end":{"line":60,"column":63}},"line":60},"15":{"name":"(anonymous_15)","decl":{"start":{"line":60,"column":69},"end":{"line":60,"column":70}},"loc":{"start":{"line":60,"column":75},"end":{"line":60,"column":90}},"line":60},"16":{"name":"(anonymous_16)","decl":{"start":{"line":61,"column":46},"end":{"line":61,"column":47}},"loc":{"start":{"line":61,"column":52},"end":{"line":61,"column":68}},"line":61},"17":{"name":"(anonymous_17)","decl":{"start":{"line":72,"column":2},"end":{"line":72,"column":3}},"loc":{"start":{"line":72,"column":30},"end":{"line":86,"column":3}},"line":72},"18":{"name":"(anonymous_18)","decl":{"start":{"line":73,"column":32},"end":{"line":73,"column":33}},"loc":{"start":{"line":73,"column":41},"end":{"line":85,"column":5}},"line":73},"19":{"name":"(anonymous_19)","decl":{"start":{"line":76,"column":22},"end":{"line":76,"column":23}},"loc":{"start":{"line":76,"column":28},"end":{"line":76,"column":50}},"line":76},"20":{"name":"(anonymous_20)","decl":{"start":{"line":88,"column":2},"end":{"line":88,"column":3}},"loc":{"start":{"line":88,"column":67},"end":{"line":96,"column":3}},"line":88},"21":{"name":"(anonymous_21)","decl":{"start":{"line":90,"column":40},"end":{"line":90,"column":41}},"loc":{"start":{"line":90,"column":47},"end":{"line":92,"column":5}},"line":90},"22":{"name":"(anonymous_22)","decl":{"start":{"line":91,"column":44},"end":{"line":91,"column":45}},"loc":{"start":{"line":91,"column":50},"end":{"line":91,"column":154}},"line":91},"23":{"name":"(anonymous_23)","decl":{"start":{"line":99,"column":2},"end":{"line":99,"column":3}},"loc":{"start":{"line":99,"column":74},"end":{"line":109,"column":3}},"line":99},"24":{"name":"(anonymous_24)","decl":{"start":{"line":105,"column":40},"end":{"line":105,"column":41}},"loc":{"start":{"line":105,"column":50},"end":{"line":107,"column":5}},"line":105},"25":{"name":"(anonymous_25)","decl":{"start":{"line":111,"column":2},"end":{"line":111,"column":3}},"loc":{"start":{"line":111,"column":67},"end":{"line":124,"column":3}},"line":111},"26":{"name":"(anonymous_26)","decl":{"start":{"line":126,"column":2},"end":{"line":126,"column":3}},"loc":{"start":{"line":126,"column":53},"end":{"line":168,"column":3}},"line":126}},"branchMap":{"0":{"loc":{"start":{"line":8,"column":27},"end":{"line":8,"column":56}},"type":"binary-expr","locations":[{"start":{"line":8,"column":27},"end":{"line":8,"column":50}},{"start":{"line":8,"column":54},"end":{"line":8,"column":56}}],"line":8},"1":{"loc":{"start":{"line":9,"column":27},"end":{"line":9,"column":56}},"type":"binary-expr","locations":[{"start":{"line":9,"column":27},"end":{"line":9,"column":50}},{"start":{"line":9,"column":54},"end":{"line":9,"column":56}}],"line":9},"2":{"loc":{"start":{"line":15,"column":26},"end":{"line":15,"column":54}},"type":"binary-expr","locations":[{"start":{"line":15,"column":26},"end":{"line":15,"column":48}},{"start":{"line":15,"column":52},"end":{"line":15,"column":54}}],"line":15},"3":{"loc":{"start":{"line":16,"column":26},"end":{"line":16,"column":54}},"type":"binary-expr","locations":[{"start":{"line":16,"column":26},"end":{"line":16,"column":48}},{"start":{"line":16,"column":52},"end":{"line":16,"column":54}}],"line":16},"4":{"loc":{"start":{"line":24,"column":56},"end":{"line":24,"column":84}},"type":"binary-expr","locations":[{"start":{"line":24,"column":56},"end":{"line":24,"column":78}},{"start":{"line":24,"column":82},"end":{"line":24,"column":84}}],"line":24},"5":{"loc":{"start":{"line":24,"column":102},"end":{"line":24,"column":130}},"type":"binary-expr","locations":[{"start":{"line":24,"column":102},"end":{"line":24,"column":124}},{"start":{"line":24,"column":128},"end":{"line":24,"column":130}}],"line":24},"6":{"loc":{"start":{"line":26,"column":31},"end":{"line":26,"column":69}},"type":"binary-expr","locations":[{"start":{"line":26,"column":31},"end":{"line":26,"column":63}},{"start":{"line":26,"column":67},"end":{"line":26,"column":69}}],"line":26},"7":{"loc":{"start":{"line":27,"column":31},"end":{"line":27,"column":69}},"type":"binary-expr","locations":[{"start":{"line":27,"column":31},"end":{"line":27,"column":63}},{"start":{"line":27,"column":67},"end":{"line":27,"column":69}}],"line":27},"8":{"loc":{"start":{"line":38,"column":28},"end":{"line":38,"column":42}},"type":"default-arg","locations":[{"start":{"line":38,"column":40},"end":{"line":38,"column":42}}],"line":38},"9":{"loc":{"start":{"line":44,"column":29},"end":{"line":44,"column":42}},"type":"default-arg","locations":[{"start":{"line":44,"column":40},"end":{"line":44,"column":42}}],"line":44},"10":{"loc":{"start":{"line":44,"column":44},"end":{"line":44,"column":64}},"type":"default-arg","locations":[{"start":{"line":44,"column":60},"end":{"line":44,"column":64}}],"line":44},"11":{"loc":{"start":{"line":49,"column":4},"end":{"line":49,"column":34}},"type":"if","locations":[{"start":{"line":49,"column":4},"end":{"line":49,"column":34}},{"start":{},"end":{}}],"line":49},"12":{"loc":{"start":{"line":74,"column":6},"end":{"line":78,"column":7}},"type":"if","locations":[{"start":{"line":74,"column":6},"end":{"line":78,"column":7}},{"start":{},"end":{}}],"line":74},"13":{"loc":{"start":{"line":81,"column":6},"end":{"line":81,"column":19}},"type":"if","locations":[{"start":{"line":81,"column":6},"end":{"line":81,"column":19}},{"start":{},"end":{}}],"line":81},"14":{"loc":{"start":{"line":88,"column":47},"end":{"line":88,"column":66}},"type":"default-arg","locations":[{"start":{"line":88,"column":62},"end":{"line":88,"column":66}}],"line":88},"15":{"loc":{"start":{"line":89,"column":85},"end":{"line":89,"column":138}},"type":"cond-expr","locations":[{"start":{"line":89,"column":102},"end":{"line":89,"column":131}},{"start":{"line":89,"column":134},"end":{"line":89,"column":138}}],"line":89},"16":{"loc":{"start":{"line":91,"column":104},"end":{"line":91,"column":153}},"type":"cond-expr","locations":[{"start":{"line":91,"column":121},"end":{"line":91,"column":146}},{"start":{"line":91,"column":149},"end":{"line":91,"column":153}}],"line":91},"17":{"loc":{"start":{"line":99,"column":49},"end":{"line":99,"column":73}},"type":"default-arg","locations":[{"start":{"line":99,"column":69},"end":{"line":99,"column":73}}],"line":99},"18":{"loc":{"start":{"line":111,"column":41},"end":{"line":111,"column":66}},"type":"default-arg","locations":[{"start":{"line":111,"column":62},"end":{"line":111,"column":66}}],"line":111},"19":{"loc":{"start":{"line":112,"column":4},"end":{"line":112,"column":25}},"type":"if","locations":[{"start":{"line":112,"column":4},"end":{"line":112,"column":25}},{"start":{},"end":{}}],"line":112},"20":{"loc":{"start":{"line":113,"column":4},"end":{"line":113,"column":34}},"type":"if","locations":[{"start":{"line":113,"column":4},"end":{"line":113,"column":34}},{"start":{},"end":{}}],"line":113},"21":{"loc":{"start":{"line":116,"column":4},"end":{"line":121,"column":5}},"type":"if","locations":[{"start":{"line":116,"column":4},"end":{"line":121,"column":5}},{"start":{},"end":{}}],"line":116},"22":{"loc":{"start":{"line":117,"column":6},"end":{"line":118,"column":69}},"type":"binary-expr","locations":[{"start":{"line":117,"column":7},"end":{"line":117,"column":19}},{"start":{"line":117,"column":23},"end":{"line":117,"column":70}},{"start":{"line":118,"column":7},"end":{"line":118,"column":17}},{"start":{"line":118,"column":23},"end":{"line":118,"column":68}}],"line":117},"23":{"loc":{"start":{"line":126,"column":39},"end":{"line":126,"column":52}},"type":"default-arg","locations":[{"start":{"line":126,"column":48},"end":{"line":126,"column":52}}],"line":126},"24":{"loc":{"start":{"line":129,"column":4},"end":{"line":132,"column":5}},"type":"if","locations":[{"start":{"line":129,"column":4},"end":{"line":132,"column":5}},{"start":{},"end":{}}],"line":129},"25":{"loc":{"start":{"line":131,"column":6},"end":{"line":131,"column":55}},"type":"if","locations":[{"start":{"line":131,"column":6},"end":{"line":131,"column":55}},{"start":{},"end":{}}],"line":131},"26":{"loc":{"start":{"line":136,"column":4},"end":{"line":141,"column":5}},"type":"if","locations":[{"start":{"line":136,"column":4},"end":{"line":141,"column":5}},{"start":{},"end":{}}],"line":136},"27":{"loc":{"start":{"line":137,"column":23},"end":{"line":137,"column":39}},"type":"binary-expr","locations":[{"start":{"line":137,"column":23},"end":{"line":137,"column":27}},{"start":{"line":137,"column":31},"end":{"line":137,"column":39}}],"line":137},"28":{"loc":{"start":{"line":138,"column":23},"end":{"line":138,"column":39}},"type":"binary-expr","locations":[{"start":{"line":138,"column":23},"end":{"line":138,"column":27}},{"start":{"line":138,"column":31},"end":{"line":138,"column":39}}],"line":138},"29":{"loc":{"start":{"line":140,"column":6},"end":{"line":140,"column":73}},"type":"if","locations":[{"start":{"line":140,"column":6},"end":{"line":140,"column":73}},{"start":{},"end":{}}],"line":140},"30":{"loc":{"start":{"line":140,"column":46},"end":{"line":140,"column":62}},"type":"binary-expr","locations":[{"start":{"line":140,"column":46},"end":{"line":140,"column":50}},{"start":{"line":140,"column":54},"end":{"line":140,"column":62}}],"line":140},"31":{"loc":{"start":{"line":145,"column":4},"end":{"line":157,"column":5}},"type":"if","locations":[{"start":{"line":145,"column":4},"end":{"line":157,"column":5}},{"start":{},"end":{}}],"line":145},"32":{"loc":{"start":{"line":148,"column":6},"end":{"line":151,"column":7}},"type":"if","locations":[{"start":{"line":148,"column":6},"end":{"line":151,"column":7}},{"start":{},"end":{}}],"line":148},"33":{"loc":{"start":{"line":150,"column":8},"end":{"line":150,"column":91}},"type":"if","locations":[{"start":{"line":150,"column":8},"end":{"line":150,"column":91}},{"start":{},"end":{}}],"line":150},"34":{"loc":{"start":{"line":152,"column":6},"end":{"line":156,"column":7}},"type":"if","locations":[{"start":{"line":152,"column":6},"end":{"line":156,"column":7}},{"start":{},"end":{}}],"line":152},"35":{"loc":{"start":{"line":153,"column":57},"end":{"line":153,"column":73}},"type":"binary-expr","locations":[{"start":{"line":153,"column":57},"end":{"line":153,"column":61}},{"start":{"line":153,"column":65},"end":{"line":153,"column":73}}],"line":153},"36":{"loc":{"start":{"line":154,"column":57},"end":{"line":154,"column":73}},"type":"binary-expr","locations":[{"start":{"line":154,"column":57},"end":{"line":154,"column":61}},{"start":{"line":154,"column":65},"end":{"line":154,"column":73}}],"line":154},"37":{"loc":{"start":{"line":155,"column":8},"end":{"line":155,"column":106}},"type":"if","locations":[{"start":{"line":155,"column":8},"end":{"line":155,"column":106}},{"start":{},"end":{}}],"line":155},"38":{"loc":{"start":{"line":155,"column":80},"end":{"line":155,"column":96}},"type":"binary-expr","locations":[{"start":{"line":155,"column":80},"end":{"line":155,"column":84}},{"start":{"line":155,"column":88},"end":{"line":155,"column":96}}],"line":155},"39":{"loc":{"start":{"line":161,"column":4},"end":{"line":165,"column":5}},"type":"if","locations":[{"start":{"line":161,"column":4},"end":{"line":165,"column":5}},{"start":{},"end":{}}],"line":161}},"s":{"0":2,"1":2,"2":2,"3":2,"4":3,"5":3,"6":3,"7":2,"8":2,"9":3,"10":3,"11":3,"12":3,"13":3,"14":3,"15":5,"16":5,"17":5,"18":5,"19":5,"20":3,"21":3,"22":3,"23":2,"24":1,"25":20,"26":20,"27":40,"28":20,"29":5,"30":5,"31":5,"32":5,"33":0,"34":5,"35":27,"36":22,"37":5,"38":5,"39":27,"40":22,"41":5,"42":27,"43":5,"44":5,"45":5,"46":5,"47":5,"48":18,"49":5,"50":5,"51":18,"52":5,"53":5,"54":5,"55":5,"56":5,"57":4,"58":14,"59":1,"60":1,"61":1,"62":1,"63":13,"64":13,"65":11,"66":2,"67":2,"68":2,"69":3,"70":3,"71":1,"72":1,"73":3,"74":3,"75":1,"76":1,"77":2,"78":1,"79":0,"80":0,"81":0,"82":0,"83":0,"84":0,"85":0,"86":18,"87":18,"88":4,"89":4,"90":0,"91":18,"92":18,"93":5,"94":5,"95":5,"96":0,"97":18,"98":18,"99":8,"100":8,"101":8,"102":4,"103":4,"104":0,"105":8,"106":4,"107":4,"108":4,"109":0,"110":18,"111":18,"112":1,"113":0,"114":0,"115":17,"116":1},"f":{"0":2,"1":3,"2":3,"3":3,"4":20,"5":40,"6":5,"7":27,"8":22,"9":5,"10":27,"11":22,"12":27,"13":5,"14":18,"15":5,"16":18,"17":4,"18":14,"19":1,"20":3,"21":1,"22":1,"23":1,"24":2,"25":0,"26":18},"b":{"0":[3,1],"1":[3,0],"2":[3,1],"3":[3,1],"4":[5,3],"5":[5,1],"6":[3,1],"7":[3,1],"8":[0],"9":[0],"10":[5],"11":[0,5],"12":[1,13],"13":[11,2],"14":[0],"15":[3,0],"16":[1,0],"17":[1],"18":[0],"19":[0,0],"20":[0,0],"21":[0,0],"22":[0,0,0,0],"23":[11],"24":[4,14],"25":[0,4],"26":[5,13],"27":[5,4],"28":[5,4],"29":[0,5],"30":[0,0],"31":[8,10],"32":[4,4],"33":[0,4],"34":[4,4],"35":[4,3],"36":[4,3],"37":[0,4],"38":[0,0],"39":[1,17]},"_coverageSchema":"1a1c01bbd47fc00a2c39e90264f33305004495a9","hash":"6c33e28cafdd230ba88537dd0c0e696463714725"}
}
