TN:
SF:classes\helper\PageText.js
FN:2,(anonymous_0)
FN:7,(anonymous_1)
FN:14,(anonymous_2)
FN:25,(anonymous_3)
FN:38,(anonymous_4)
FN:40,(anonymous_5)
FN:44,(anonymous_6)
FN:51,(anonymous_7)
FN:51,(anonymous_8)
FN:51,(anonymous_9)
FN:52,(anonymous_10)
FN:52,(anonymous_11)
FN:53,(anonymous_12)
FN:58,(anonymous_13)
FN:60,(anonymous_14)
FN:60,(anonymous_15)
FN:61,(anonymous_16)
FN:72,(anonymous_17)
FN:73,(anonymous_18)
FN:76,(anonymous_19)
FN:88,(anonymous_20)
FN:90,(anonymous_21)
FN:91,(anonymous_22)
FN:99,(anonymous_23)
FN:105,(anonymous_24)
FN:111,(anonymous_25)
FN:126,(anonymous_26)
FNF:27
FNH:26
FNDA:2,(anonymous_0)
FNDA:3,(anonymous_1)
FNDA:3,(anonymous_2)
FNDA:3,(anonymous_3)
FNDA:20,(anonymous_4)
FNDA:40,(anonymous_5)
FNDA:5,(anonymous_6)
FNDA:27,(anonymous_7)
FNDA:22,(anonymous_8)
FNDA:5,(anonymous_9)
FNDA:27,(anonymous_10)
FNDA:22,(anonymous_11)
FNDA:27,(anonymous_12)
FNDA:5,(anonymous_13)
FNDA:18,(anonymous_14)
FNDA:5,(anonymous_15)
FNDA:18,(anonymous_16)
FNDA:4,(anonymous_17)
FNDA:14,(anonymous_18)
FNDA:1,(anonymous_19)
FNDA:3,(anonymous_20)
FNDA:1,(anonymous_21)
FNDA:1,(anonymous_22)
FNDA:1,(anonymous_23)
FNDA:2,(anonymous_24)
FNDA:0,(anonymous_25)
FNDA:18,(anonymous_26)
DA:3,2
DA:4,2
DA:6,2
DA:7,2
DA:8,3
DA:9,3
DA:10,3
DA:13,2
DA:14,2
DA:15,3
DA:16,3
DA:17,3
DA:19,3
DA:20,3
DA:21,5
DA:22,5
DA:23,5
DA:24,5
DA:25,5
DA:26,3
DA:27,3
DA:28,3
DA:33,2
DA:35,1
DA:39,20
DA:40,40
DA:41,20
DA:45,5
DA:46,5
DA:48,5
DA:49,5
DA:51,27
DA:52,27
DA:53,27
DA:55,5
DA:56,5
DA:58,5
DA:59,5
DA:60,18
DA:61,18
DA:63,5
DA:64,5
DA:65,5
DA:66,5
DA:69,5
DA:73,4
DA:74,14
DA:75,1
DA:76,1
DA:77,1
DA:80,13
DA:81,13
DA:82,2
DA:83,2
DA:84,2
DA:89,3
DA:90,3
DA:91,1
DA:94,3
DA:95,3
DA:100,1
DA:105,2
DA:108,1
DA:112,0
DA:113,0
DA:116,0
DA:120,0
DA:123,0
DA:128,18
DA:129,18
DA:130,4
DA:131,4
DA:135,18
DA:136,18
DA:137,5
DA:138,5
DA:140,5
DA:144,18
DA:145,18
DA:146,8
DA:147,8
DA:148,8
DA:149,4
DA:150,4
DA:152,8
DA:153,4
DA:154,4
DA:155,4
DA:160,18
DA:161,18
DA:162,1
DA:163,0
DA:164,0
DA:167,17
DA:173,1
LF:95
LH:88
BRDA:8,0,0,3
BRDA:8,0,1,1
BRDA:9,1,0,3
BRDA:9,1,1,0
BRDA:15,2,0,3
BRDA:15,2,1,1
BRDA:16,3,0,3
BRDA:16,3,1,1
BRDA:24,4,0,5
BRDA:24,4,1,3
BRDA:24,5,0,5
BRDA:24,5,1,1
BRDA:26,6,0,3
BRDA:26,6,1,1
BRDA:27,7,0,3
BRDA:27,7,1,1
BRDA:38,8,0,0
BRDA:44,9,0,0
BRDA:44,10,0,5
BRDA:49,11,0,0
BRDA:49,11,1,5
BRDA:74,12,0,1
BRDA:74,12,1,13
BRDA:81,13,0,11
BRDA:81,13,1,2
BRDA:88,14,0,0
BRDA:89,15,0,3
BRDA:89,15,1,0
BRDA:91,16,0,1
BRDA:91,16,1,0
BRDA:99,17,0,1
BRDA:111,18,0,0
BRDA:112,19,0,0
BRDA:112,19,1,0
BRDA:113,20,0,0
BRDA:113,20,1,0
BRDA:116,21,0,0
BRDA:116,21,1,0
BRDA:117,22,0,0
BRDA:117,22,1,0
BRDA:117,22,2,0
BRDA:117,22,3,0
BRDA:126,23,0,11
BRDA:129,24,0,4
BRDA:129,24,1,14
BRDA:131,25,0,0
BRDA:131,25,1,4
BRDA:136,26,0,5
BRDA:136,26,1,13
BRDA:137,27,0,5
BRDA:137,27,1,4
BRDA:138,28,0,5
BRDA:138,28,1,4
BRDA:140,29,0,0
BRDA:140,29,1,5
BRDA:140,30,0,0
BRDA:140,30,1,0
BRDA:145,31,0,8
BRDA:145,31,1,10
BRDA:148,32,0,4
BRDA:148,32,1,4
BRDA:150,33,0,0
BRDA:150,33,1,4
BRDA:152,34,0,4
BRDA:152,34,1,4
BRDA:153,35,0,4
BRDA:153,35,1,3
BRDA:154,36,0,4
BRDA:154,36,1,3
BRDA:155,37,0,0
BRDA:155,37,1,4
BRDA:155,38,0,0
BRDA:155,38,1,0
BRDA:161,39,0,1
BRDA:161,39,1,17
BRF:75
BRH:49
end_of_record
